<?xml version="1.0" encoding="UTF-8"?>
<!-- Generated by org.testng.reporters.JUnitReportReporter -->
<testsuite hostname="DESKTOP-HOF3APB" failures="0" tests="3" name="test.LoginTest" time="14.584" errors="0" timestamp="2024-04-14T10:05:57 CDT" skipped="0">
  <testcase classname="test.LoginTest" name="validUserShouldBeAbleToLogin" time="11.811"/>
  <testcase classname="test.LoginTest" name="validateAlertMessages" time="2.765"/>
  <testcase classname="test.LoginTest" name="regressionTest" time="0.008"/>
</testsuite> <!-- test.LoginTest -->
